mode: set
github.com/sarchlab/m2sim/loader/elf.go:53.42,56.16 2 1
github.com/sarchlab/m2sim/loader/elf.go:56.16,58.3 1 1
github.com/sarchlab/m2sim/loader/elf.go:59.2,62.31 2 1
github.com/sarchlab/m2sim/loader/elf.go:62.31,64.3 1 1
github.com/sarchlab/m2sim/loader/elf.go:67.2,67.33 1 1
github.com/sarchlab/m2sim/loader/elf.go:67.33,69.3 1 1
github.com/sarchlab/m2sim/loader/elf.go:72.2,78.31 2 1
github.com/sarchlab/m2sim/loader/elf.go:78.31,79.31 1 1
github.com/sarchlab/m2sim/loader/elf.go:79.31,80.12 1 1
github.com/sarchlab/m2sim/loader/elf.go:84.3,85.22 2 1
github.com/sarchlab/m2sim/loader/elf.go:85.22,87.35 2 1
github.com/sarchlab/m2sim/loader/elf.go:87.35,89.5 1 0
github.com/sarchlab/m2sim/loader/elf.go:90.4,90.32 1 1
github.com/sarchlab/m2sim/loader/elf.go:90.32,93.5 1 0
github.com/sarchlab/m2sim/loader/elf.go:97.3,98.31 2 1
github.com/sarchlab/m2sim/loader/elf.go:98.31,100.4 1 1
github.com/sarchlab/m2sim/loader/elf.go:101.3,101.31 1 1
github.com/sarchlab/m2sim/loader/elf.go:101.31,103.4 1 1
github.com/sarchlab/m2sim/loader/elf.go:104.3,104.31 1 1
github.com/sarchlab/m2sim/loader/elf.go:104.31,106.4 1 1
github.com/sarchlab/m2sim/loader/elf.go:108.3,115.45 2 1
github.com/sarchlab/m2sim/loader/elf.go:118.2,118.18 1 1
github.com/sarchlab/m2sim/main.go:9.13,15.2 5 0
github.com/sarchlab/m2sim/driver/syscall.go:40.37,41.33 1 1
github.com/sarchlab/m2sim/driver/syscall.go:41.33,43.3 1 1
github.com/sarchlab/m2sim/driver/syscall.go:47.37,48.33 1 1
github.com/sarchlab/m2sim/driver/syscall.go:48.33,50.3 1 1
github.com/sarchlab/m2sim/driver/syscall.go:58.19,66.27 2 1
github.com/sarchlab/m2sim/driver/syscall.go:66.27,68.3 1 1
github.com/sarchlab/m2sim/driver/syscall.go:70.2,70.10 1 1
github.com/sarchlab/m2sim/driver/syscall.go:78.53,81.20 2 1
github.com/sarchlab/m2sim/driver/syscall.go:82.19,83.24 1 1
github.com/sarchlab/m2sim/driver/syscall.go:84.20,85.25 1 1
github.com/sarchlab/m2sim/driver/syscall.go:86.10,87.27 1 1
github.com/sarchlab/m2sim/driver/syscall.go:94.57,100.2 2 1
github.com/sarchlab/m2sim/driver/syscall.go:108.58,115.12 5 1
github.com/sarchlab/m2sim/driver/syscall.go:116.9,117.20 1 1
github.com/sarchlab/m2sim/driver/syscall.go:118.9,119.20 1 1
github.com/sarchlab/m2sim/driver/syscall.go:120.10,123.29 2 1
github.com/sarchlab/m2sim/driver/syscall.go:127.2,128.37 2 1
github.com/sarchlab/m2sim/driver/syscall.go:128.37,130.3 1 1
github.com/sarchlab/m2sim/driver/syscall.go:133.2,134.16 2 1
github.com/sarchlab/m2sim/driver/syscall.go:134.16,137.3 2 1
github.com/sarchlab/m2sim/driver/syscall.go:140.2,141.28 2 1
github.com/sarchlab/m2sim/driver/syscall.go:145.60,148.2 2 1
github.com/sarchlab/m2sim/driver/syscall.go:151.46,153.2 1 1
github.com/sarchlab/m2sim/loader/elf.go:53.42,56.16 2 1
github.com/sarchlab/m2sim/loader/elf.go:56.16,58.3 1 1
github.com/sarchlab/m2sim/loader/elf.go:59.2,62.31 2 1
github.com/sarchlab/m2sim/loader/elf.go:62.31,64.3 1 1
github.com/sarchlab/m2sim/loader/elf.go:67.2,67.33 1 1
github.com/sarchlab/m2sim/loader/elf.go:67.33,69.3 1 1
github.com/sarchlab/m2sim/loader/elf.go:72.2,78.31 2 1
github.com/sarchlab/m2sim/loader/elf.go:78.31,79.31 1 1
github.com/sarchlab/m2sim/loader/elf.go:79.31,80.12 1 1
github.com/sarchlab/m2sim/loader/elf.go:84.3,85.22 2 1
github.com/sarchlab/m2sim/loader/elf.go:85.22,87.35 2 1
github.com/sarchlab/m2sim/loader/elf.go:87.35,89.5 1 0
github.com/sarchlab/m2sim/loader/elf.go:90.4,90.32 1 1
github.com/sarchlab/m2sim/loader/elf.go:90.32,93.5 1 0
github.com/sarchlab/m2sim/loader/elf.go:97.3,98.31 2 1
github.com/sarchlab/m2sim/loader/elf.go:98.31,100.4 1 1
github.com/sarchlab/m2sim/loader/elf.go:101.3,101.31 1 1
github.com/sarchlab/m2sim/loader/elf.go:101.31,103.4 1 1
github.com/sarchlab/m2sim/loader/elf.go:104.3,104.31 1 1
github.com/sarchlab/m2sim/loader/elf.go:104.31,106.4 1 1
github.com/sarchlab/m2sim/loader/elf.go:108.3,115.45 2 1
github.com/sarchlab/m2sim/loader/elf.go:118.2,118.18 1 1
github.com/sarchlab/m2sim/driver/syscall.go:40.37,41.33 1 1
github.com/sarchlab/m2sim/driver/syscall.go:41.33,43.3 1 1
github.com/sarchlab/m2sim/driver/syscall.go:47.37,48.33 1 1
github.com/sarchlab/m2sim/driver/syscall.go:48.33,50.3 1 1
github.com/sarchlab/m2sim/driver/syscall.go:58.19,66.27 2 1
github.com/sarchlab/m2sim/driver/syscall.go:66.27,68.3 1 1
github.com/sarchlab/m2sim/driver/syscall.go:70.2,70.10 1 1
github.com/sarchlab/m2sim/driver/syscall.go:78.53,81.20 2 1
github.com/sarchlab/m2sim/driver/syscall.go:82.19,83.24 1 1
github.com/sarchlab/m2sim/driver/syscall.go:84.20,85.25 1 1
github.com/sarchlab/m2sim/driver/syscall.go:86.10,87.27 1 1
github.com/sarchlab/m2sim/driver/syscall.go:94.57,100.2 2 1
github.com/sarchlab/m2sim/driver/syscall.go:108.58,115.12 5 1
github.com/sarchlab/m2sim/driver/syscall.go:116.9,117.20 1 1
github.com/sarchlab/m2sim/driver/syscall.go:118.9,119.20 1 1
github.com/sarchlab/m2sim/driver/syscall.go:120.10,123.29 2 1
github.com/sarchlab/m2sim/driver/syscall.go:127.2,128.37 2 1
github.com/sarchlab/m2sim/driver/syscall.go:128.37,130.3 1 1
github.com/sarchlab/m2sim/driver/syscall.go:133.2,134.16 2 1
github.com/sarchlab/m2sim/driver/syscall.go:134.16,137.3 2 1
github.com/sarchlab/m2sim/driver/syscall.go:140.2,141.28 2 1
github.com/sarchlab/m2sim/driver/syscall.go:145.60,148.2 2 1
github.com/sarchlab/m2sim/driver/syscall.go:151.46,153.2 1 1
github.com/sarchlab/m2sim/emu/alu.go:10.36,12.2 1 1
github.com/sarchlab/m2sim/emu/alu.go:15.54,22.14 5 1
github.com/sarchlab/m2sim/emu/alu.go:22.14,24.3 1 1
github.com/sarchlab/m2sim/emu/alu.go:28.65,34.14 4 1
github.com/sarchlab/m2sim/emu/alu.go:34.14,36.3 1 1
github.com/sarchlab/m2sim/emu/alu.go:40.85,43.2 2 1
github.com/sarchlab/m2sim/emu/alu.go:46.54,53.14 5 1
github.com/sarchlab/m2sim/emu/alu.go:53.14,55.3 1 0
github.com/sarchlab/m2sim/emu/alu.go:59.65,65.14 4 0
github.com/sarchlab/m2sim/emu/alu.go:65.14,67.3 1 0
github.com/sarchlab/m2sim/emu/alu.go:71.54,78.14 5 1
github.com/sarchlab/m2sim/emu/alu.go:78.14,80.3 1 1
github.com/sarchlab/m2sim/emu/alu.go:84.65,90.14 4 1
github.com/sarchlab/m2sim/emu/alu.go:90.14,92.3 1 1
github.com/sarchlab/m2sim/emu/alu.go:96.65,102.14 4 0
github.com/sarchlab/m2sim/emu/alu.go:102.14,104.3 1 0
github.com/sarchlab/m2sim/emu/alu.go:108.54,115.14 5 1
github.com/sarchlab/m2sim/emu/alu.go:115.14,117.3 1 0
github.com/sarchlab/m2sim/emu/alu.go:121.54,128.14 5 1
github.com/sarchlab/m2sim/emu/alu.go:128.14,130.3 1 1
github.com/sarchlab/m2sim/emu/alu.go:134.54,141.14 5 1
github.com/sarchlab/m2sim/emu/alu.go:141.14,143.3 1 0
github.com/sarchlab/m2sim/emu/alu.go:147.39,153.2 4 1
github.com/sarchlab/m2sim/emu/alu.go:156.39,162.2 4 1
github.com/sarchlab/m2sim/emu/alu.go:165.39,171.2 4 1
github.com/sarchlab/m2sim/emu/alu.go:174.39,180.2 4 1
github.com/sarchlab/m2sim/emu/alu.go:183.54,200.2 7 1
github.com/sarchlab/m2sim/emu/alu.go:203.54,211.2 7 0
github.com/sarchlab/m2sim/emu/alu.go:214.54,231.2 7 1
github.com/sarchlab/m2sim/emu/alu.go:234.54,242.2 7 0
github.com/sarchlab/m2sim/emu/alu.go:245.46,250.2 4 1
github.com/sarchlab/m2sim/emu/alu.go:253.46,258.2 4 0
github.com/sarchlab/m2sim/emu/branch.go:33.50,35.2 1 1
github.com/sarchlab/m2sim/emu/branch.go:39.38,41.2 1 1
github.com/sarchlab/m2sim/emu/branch.go:46.39,52.2 2 1
github.com/sarchlab/m2sim/emu/branch.go:55.35,57.2 1 1
github.com/sarchlab/m2sim/emu/branch.go:61.36,70.2 3 1
github.com/sarchlab/m2sim/emu/branch.go:74.36,76.2 1 1
github.com/sarchlab/m2sim/emu/branch.go:80.53,81.28 1 1
github.com/sarchlab/m2sim/emu/branch.go:81.28,83.3 1 1
github.com/sarchlab/m2sim/emu/branch.go:87.53,90.14 2 1
github.com/sarchlab/m2sim/emu/branch.go:91.14,93.18 1 1
github.com/sarchlab/m2sim/emu/branch.go:94.14,96.19 1 1
github.com/sarchlab/m2sim/emu/branch.go:97.14,99.18 1 1
github.com/sarchlab/m2sim/emu/branch.go:100.14,102.19 1 1
github.com/sarchlab/m2sim/emu/branch.go:103.14,105.18 1 1
github.com/sarchlab/m2sim/emu/branch.go:106.14,108.19 1 1
github.com/sarchlab/m2sim/emu/branch.go:109.14,111.18 1 1
github.com/sarchlab/m2sim/emu/branch.go:112.14,114.19 1 1
github.com/sarchlab/m2sim/emu/branch.go:115.14,117.31 1 1
github.com/sarchlab/m2sim/emu/branch.go:118.14,120.31 1 1
github.com/sarchlab/m2sim/emu/branch.go:121.14,123.30 1 1
github.com/sarchlab/m2sim/emu/branch.go:124.14,126.30 1 1
github.com/sarchlab/m2sim/emu/branch.go:127.14,129.45 1 1
github.com/sarchlab/m2sim/emu/branch.go:130.14,132.44 1 1
github.com/sarchlab/m2sim/emu/branch.go:133.22,135.14 1 1
github.com/sarchlab/m2sim/emu/branch.go:136.10,137.15 1 0
github.com/sarchlab/m2sim/emu/emulator.go:49.45,50.27 1 1
github.com/sarchlab/m2sim/emu/emulator.go:50.27,52.3 1 1
github.com/sarchlab/m2sim/emu/emulator.go:56.45,57.27 1 0
github.com/sarchlab/m2sim/emu/emulator.go:57.27,59.3 1 0
github.com/sarchlab/m2sim/emu/emulator.go:63.64,64.27 1 0
github.com/sarchlab/m2sim/emu/emulator.go:64.27,66.3 1 0
github.com/sarchlab/m2sim/emu/emulator.go:70.49,71.27 1 1
github.com/sarchlab/m2sim/emu/emulator.go:71.27,73.3 1 1
github.com/sarchlab/m2sim/emu/emulator.go:78.53,79.27 1 0
github.com/sarchlab/m2sim/emu/emulator.go:79.27,81.3 1 0
github.com/sarchlab/m2sim/emu/emulator.go:85.52,100.27 4 1
github.com/sarchlab/m2sim/emu/emulator.go:100.27,102.3 1 1
github.com/sarchlab/m2sim/emu/emulator.go:105.2,110.29 4 1
github.com/sarchlab/m2sim/emu/emulator.go:110.29,112.3 1 1
github.com/sarchlab/m2sim/emu/emulator.go:114.2,114.10 1 1
github.com/sarchlab/m2sim/emu/emulator.go:118.39,120.2 1 1
github.com/sarchlab/m2sim/emu/emulator.go:123.37,125.2 1 1
github.com/sarchlab/m2sim/emu/emulator.go:128.46,130.2 1 0
github.com/sarchlab/m2sim/emu/emulator.go:134.67,135.29 1 1
github.com/sarchlab/m2sim/emu/emulator.go:136.14,137.33 1 1
github.com/sarchlab/m2sim/emu/emulator.go:138.15,144.87 3 0
github.com/sarchlab/m2sim/emu/emulator.go:146.2,146.22 1 1
github.com/sarchlab/m2sim/emu/emulator.go:150.28,162.2 7 0
github.com/sarchlab/m2sim/emu/emulator.go:166.38,168.70 1 1
github.com/sarchlab/m2sim/emu/emulator.go:168.70,172.3 1 0
github.com/sarchlab/m2sim/emu/emulator.go:175.2,186.15 5 1
github.com/sarchlab/m2sim/emu/emulator.go:191.32,192.6 1 1
github.com/sarchlab/m2sim/emu/emulator.go:192.6,194.20 2 1
github.com/sarchlab/m2sim/emu/emulator.go:194.20,196.4 1 1
github.com/sarchlab/m2sim/emu/emulator.go:197.3,197.24 1 1
github.com/sarchlab/m2sim/emu/emulator.go:197.24,200.4 1 0
github.com/sarchlab/m2sim/emu/emulator.go:205.64,207.32 1 1
github.com/sarchlab/m2sim/emu/emulator.go:207.32,211.3 1 1
github.com/sarchlab/m2sim/emu/emulator.go:214.2,214.28 1 1
github.com/sarchlab/m2sim/emu/emulator.go:214.28,216.3 1 1
github.com/sarchlab/m2sim/emu/emulator.go:219.2,219.21 1 1
github.com/sarchlab/m2sim/emu/emulator.go:220.25,221.23 1 1
github.com/sarchlab/m2sim/emu/emulator.go:222.25,223.23 1 1
github.com/sarchlab/m2sim/emu/emulator.go:224.26,226.22 2 1
github.com/sarchlab/m2sim/emu/emulator.go:227.30,229.22 2 1
github.com/sarchlab/m2sim/emu/emulator.go:230.29,232.22 2 1
github.com/sarchlab/m2sim/emu/emulator.go:233.29,234.27 1 1
github.com/sarchlab/m2sim/emu/emulator.go:235.10,238.4 1 0
github.com/sarchlab/m2sim/emu/emulator.go:242.2,244.21 2 1
github.com/sarchlab/m2sim/emu/emulator.go:248.44,259.2 3 1
github.com/sarchlab/m2sim/emu/emulator.go:262.58,264.20 2 1
github.com/sarchlab/m2sim/emu/emulator.go:264.20,266.3 1 0
github.com/sarchlab/m2sim/emu/emulator.go:268.2,268.17 1 1
github.com/sarchlab/m2sim/emu/emulator.go:269.19,270.19 1 1
github.com/sarchlab/m2sim/emu/emulator.go:270.19,272.4 1 1
github.com/sarchlab/m2sim/emu/emulator.go:272.9,274.4 1 0
github.com/sarchlab/m2sim/emu/emulator.go:275.19,276.19 1 1
github.com/sarchlab/m2sim/emu/emulator.go:276.19,278.4 1 1
github.com/sarchlab/m2sim/emu/emulator.go:278.9,280.4 1 0
github.com/sarchlab/m2sim/emu/emulator.go:285.58,286.17 1 1
github.com/sarchlab/m2sim/emu/emulator.go:287.19,288.19 1 1
github.com/sarchlab/m2sim/emu/emulator.go:288.19,290.4 1 1
github.com/sarchlab/m2sim/emu/emulator.go:290.9,292.4 1 0
github.com/sarchlab/m2sim/emu/emulator.go:293.19,294.19 1 0
github.com/sarchlab/m2sim/emu/emulator.go:294.19,296.4 1 0
github.com/sarchlab/m2sim/emu/emulator.go:296.9,298.4 1 0
github.com/sarchlab/m2sim/emu/emulator.go:299.19,300.19 1 0
github.com/sarchlab/m2sim/emu/emulator.go:300.19,302.4 1 0
github.com/sarchlab/m2sim/emu/emulator.go:302.9,304.4 1 0
github.com/sarchlab/m2sim/emu/emulator.go:305.19,306.19 1 0
github.com/sarchlab/m2sim/emu/emulator.go:306.19,308.4 1 0
github.com/sarchlab/m2sim/emu/emulator.go:308.9,310.4 1 0
github.com/sarchlab/m2sim/emu/emulator.go:311.19,312.19 1 0
github.com/sarchlab/m2sim/emu/emulator.go:312.19,314.4 1 0
github.com/sarchlab/m2sim/emu/emulator.go:314.9,316.4 1 0
github.com/sarchlab/m2sim/emu/emulator.go:321.59,322.17 1 1
github.com/sarchlab/m2sim/emu/emulator.go:323.17,324.36 1 1
github.com/sarchlab/m2sim/emu/emulator.go:325.18,326.37 1 1
github.com/sarchlab/m2sim/emu/emulator.go:331.63,335.39 2 1
github.com/sarchlab/m2sim/emu/emulator.go:335.39,337.3 1 1
github.com/sarchlab/m2sim/emu/emulator.go:337.8,340.3 1 1
github.com/sarchlab/m2sim/emu/emulator.go:344.62,345.17 1 1
github.com/sarchlab/m2sim/emu/emulator.go:346.18,347.27 1 0
github.com/sarchlab/m2sim/emu/emulator.go:348.19,349.28 1 0
github.com/sarchlab/m2sim/emu/emulator.go:350.19,351.28 1 1
github.com/sarchlab/m2sim/emu/emulator.go:356.62,360.17 2 1
github.com/sarchlab/m2sim/emu/emulator.go:361.19,362.19 1 1
github.com/sarchlab/m2sim/emu/emulator.go:362.19,363.13 1 1
github.com/sarchlab/m2sim/emu/emulator.go:363.13,365.5 1 0
github.com/sarchlab/m2sim/emu/emulator.go:365.10,367.5 1 1
github.com/sarchlab/m2sim/emu/emulator.go:368.9,369.13 1 0
github.com/sarchlab/m2sim/emu/emulator.go:369.13,371.5 1 0
github.com/sarchlab/m2sim/emu/emulator.go:371.10,373.5 1 0
github.com/sarchlab/m2sim/emu/emulator.go:375.19,376.19 1 1
github.com/sarchlab/m2sim/emu/emulator.go:376.19,377.13 1 1
github.com/sarchlab/m2sim/emu/emulator.go:377.13,379.5 1 0
github.com/sarchlab/m2sim/emu/emulator.go:379.10,381.5 1 1
github.com/sarchlab/m2sim/emu/emulator.go:382.9,383.13 1 0
github.com/sarchlab/m2sim/emu/emulator.go:383.13,385.5 1 0
github.com/sarchlab/m2sim/emu/emulator.go:385.10,387.5 1 0
github.com/sarchlab/m2sim/emu/load_store.go:12.72,17.2 1 1
github.com/sarchlab/m2sim/emu/load_store.go:20.62,25.2 4 1
github.com/sarchlab/m2sim/emu/load_store.go:28.60,32.2 3 1
github.com/sarchlab/m2sim/emu/load_store.go:35.62,41.2 4 1
github.com/sarchlab/m2sim/emu/load_store.go:44.60,48.2 3 0
github.com/sarchlab/m2sim/emu/load_store.go:51.62,56.2 4 1
github.com/sarchlab/m2sim/emu/load_store.go:59.60,63.2 3 1
github.com/sarchlab/m2sim/emu/load_store.go:66.62,71.2 4 1
github.com/sarchlab/m2sim/emu/load_store.go:74.60,78.2 3 0
github.com/sarchlab/m2sim/emu/memory.go:12.26,16.2 1 1
github.com/sarchlab/m2sim/emu/memory.go:19.42,21.2 1 1
github.com/sarchlab/m2sim/emu/memory.go:24.50,26.2 1 1
github.com/sarchlab/m2sim/emu/memory.go:29.45,31.33 2 1
github.com/sarchlab/m2sim/emu/memory.go:31.33,33.3 1 1
github.com/sarchlab/m2sim/emu/memory.go:34.2,34.43 1 1
github.com/sarchlab/m2sim/emu/memory.go:38.53,41.33 3 1
github.com/sarchlab/m2sim/emu/memory.go:41.33,43.3 1 1
github.com/sarchlab/m2sim/emu/memory.go:47.45,49.33 2 1
github.com/sarchlab/m2sim/emu/memory.go:49.33,51.3 1 1
github.com/sarchlab/m2sim/emu/memory.go:52.2,52.43 1 1
github.com/sarchlab/m2sim/emu/memory.go:56.53,59.33 3 1
github.com/sarchlab/m2sim/emu/memory.go:59.33,61.3 1 1
github.com/sarchlab/m2sim/emu/memory.go:65.45,67.33 2 1
github.com/sarchlab/m2sim/emu/memory.go:67.33,69.3 1 1
github.com/sarchlab/m2sim/emu/memory.go:70.2,70.43 1 1
github.com/sarchlab/m2sim/emu/memory.go:74.53,77.33 3 1
github.com/sarchlab/m2sim/emu/memory.go:77.33,79.3 1 1
github.com/sarchlab/m2sim/emu/memory.go:83.59,84.28 1 1
github.com/sarchlab/m2sim/emu/memory.go:84.28,86.3 1 1
github.com/sarchlab/m2sim/emu/regfile.go:35.45,36.15 1 1
github.com/sarchlab/m2sim/emu/regfile.go:36.15,38.3 1 1
github.com/sarchlab/m2sim/emu/regfile.go:39.2,39.17 1 1
github.com/sarchlab/m2sim/emu/regfile.go:43.53,44.15 1 1
github.com/sarchlab/m2sim/emu/regfile.go:44.15,46.3 1 1
github.com/sarchlab/m2sim/emu/regfile.go:47.2,47.18 1 1
github.com/sarchlab/m2sim/emu/regfile.go:51.47,53.2 1 1
github.com/sarchlab/m2sim/emu/regfile.go:56.55,58.2 1 1
github.com/sarchlab/m2sim/emu/syscall.go:47.114,54.2 1 1
github.com/sarchlab/m2sim/emu/syscall.go:57.56,60.20 2 1
github.com/sarchlab/m2sim/emu/syscall.go:61.19,62.24 1 1
github.com/sarchlab/m2sim/emu/syscall.go:63.20,64.25 1 1
github.com/sarchlab/m2sim/emu/syscall.go:65.10,66.27 1 0
github.com/sarchlab/m2sim/emu/syscall.go:71.60,77.2 2 1
github.com/sarchlab/m2sim/emu/syscall.go:80.61,87.12 5 1
github.com/sarchlab/m2sim/emu/syscall.go:88.9,89.20 1 1
github.com/sarchlab/m2sim/emu/syscall.go:90.9,91.20 1 0
github.com/sarchlab/m2sim/emu/syscall.go:92.10,94.25 2 0
github.com/sarchlab/m2sim/emu/syscall.go:98.2,99.37 2 1
github.com/sarchlab/m2sim/emu/syscall.go:99.37,101.3 1 1
github.com/sarchlab/m2sim/emu/syscall.go:104.2,105.16 2 1
github.com/sarchlab/m2sim/emu/syscall.go:105.16,108.3 2 0
github.com/sarchlab/m2sim/emu/syscall.go:111.2,112.24 2 1
github.com/sarchlab/m2sim/emu/syscall.go:116.63,119.2 2 0
github.com/sarchlab/m2sim/emu/syscall.go:122.53,124.2 1 0
github.com/sarchlab/m2sim/insts/decoder.go:108.28,110.2 1 1
github.com/sarchlab/m2sim/insts/decoder.go:113.52,121.9 3 1
github.com/sarchlab/m2sim/insts/decoder.go:122.30,123.35 1 1
github.com/sarchlab/m2sim/insts/decoder.go:124.35,125.40 1 1
github.com/sarchlab/m2sim/insts/decoder.go:126.35,127.40 1 1
github.com/sarchlab/m2sim/insts/decoder.go:128.27,129.32 1 1
github.com/sarchlab/m2sim/insts/decoder.go:130.28,131.33 1 1
github.com/sarchlab/m2sim/insts/decoder.go:132.27,133.32 1 1
github.com/sarchlab/m2sim/insts/decoder.go:134.27,135.32 1 1
github.com/sarchlab/m2sim/insts/decoder.go:136.10,138.10 1 1
github.com/sarchlab/m2sim/insts/decoder.go:141.2,141.13 1 1
github.com/sarchlab/m2sim/insts/decoder.go:146.57,149.2 2 1
github.com/sarchlab/m2sim/insts/decoder.go:153.75,170.13 14 1
github.com/sarchlab/m2sim/insts/decoder.go:170.13,172.3 1 1
github.com/sarchlab/m2sim/insts/decoder.go:174.2,174.13 1 1
github.com/sarchlab/m2sim/insts/decoder.go:174.13,176.3 1 1
github.com/sarchlab/m2sim/insts/decoder.go:176.8,178.3 1 1
github.com/sarchlab/m2sim/insts/decoder.go:184.57,187.2 2 1
github.com/sarchlab/m2sim/insts/decoder.go:192.75,210.19 15 1
github.com/sarchlab/m2sim/insts/decoder.go:210.19,217.17 4 1
github.com/sarchlab/m2sim/insts/decoder.go:217.17,219.4 1 1
github.com/sarchlab/m2sim/insts/decoder.go:219.9,221.4 1 1
github.com/sarchlab/m2sim/insts/decoder.go:222.8,226.14 2 1
github.com/sarchlab/m2sim/insts/decoder.go:227.13,229.25 2 1
github.com/sarchlab/m2sim/insts/decoder.go:230.13,232.25 2 1
github.com/sarchlab/m2sim/insts/decoder.go:233.13,235.25 2 1
github.com/sarchlab/m2sim/insts/decoder.go:236.13,238.24 2 1
github.com/sarchlab/m2sim/insts/decoder.go:246.49,249.2 2 1
github.com/sarchlab/m2sim/insts/decoder.go:253.67,261.24 5 1
github.com/sarchlab/m2sim/insts/decoder.go:261.24,264.3 1 1
github.com/sarchlab/m2sim/insts/decoder.go:265.2,270.17 3 1
github.com/sarchlab/m2sim/insts/decoder.go:270.17,272.3 1 1
github.com/sarchlab/m2sim/insts/decoder.go:274.2,274.13 1 1
github.com/sarchlab/m2sim/insts/decoder.go:274.13,276.3 1 1
github.com/sarchlab/m2sim/insts/decoder.go:276.8,278.3 1 1
github.com/sarchlab/m2sim/insts/decoder.go:283.50,287.2 3 1
github.com/sarchlab/m2sim/insts/decoder.go:291.68,300.24 6 1
github.com/sarchlab/m2sim/insts/decoder.go:300.24,302.3 1 0
github.com/sarchlab/m2sim/insts/decoder.go:303.2,306.17 3 1
github.com/sarchlab/m2sim/insts/decoder.go:306.17,308.3 1 1
github.com/sarchlab/m2sim/insts/decoder.go:309.2,309.24 1 1
github.com/sarchlab/m2sim/insts/decoder.go:314.49,321.2 4 1
github.com/sarchlab/m2sim/insts/decoder.go:325.67,333.12 5 1
github.com/sarchlab/m2sim/insts/decoder.go:334.12,335.17 1 1
github.com/sarchlab/m2sim/insts/decoder.go:336.12,337.18 1 1
github.com/sarchlab/m2sim/insts/decoder.go:338.12,339.18 1 1
github.com/sarchlab/m2sim/insts/decoder.go:340.10,341.22 1 0
github.com/sarchlab/m2sim/insts/decoder.go:349.52,357.2 4 1
github.com/sarchlab/m2sim/insts/decoder.go:364.70,383.18 11 1
github.com/sarchlab/m2sim/insts/decoder.go:383.18,385.3 1 1
github.com/sarchlab/m2sim/insts/decoder.go:385.8,387.3 1 1
github.com/sarchlab/m2sim/insts/decoder.go:388.2,392.18 2 1
github.com/sarchlab/m2sim/insts/decoder.go:392.18,394.3 1 1
github.com/sarchlab/m2sim/insts/decoder.go:394.8,396.3 1 1
github.com/sarchlab/m2sim/insts/decoder.go:401.49,405.2 3 1
github.com/sarchlab/m2sim/insts/decoder.go:410.67,417.2 4 1
github.com/sarchlab/m2sim/loader/elf.go:53.42,56.16 2 1
github.com/sarchlab/m2sim/loader/elf.go:56.16,58.3 1 1
github.com/sarchlab/m2sim/loader/elf.go:59.2,62.31 2 1
github.com/sarchlab/m2sim/loader/elf.go:62.31,64.3 1 1
github.com/sarchlab/m2sim/loader/elf.go:67.2,67.33 1 1
github.com/sarchlab/m2sim/loader/elf.go:67.33,69.3 1 1
github.com/sarchlab/m2sim/loader/elf.go:72.2,78.31 2 1
github.com/sarchlab/m2sim/loader/elf.go:78.31,79.31 1 1
github.com/sarchlab/m2sim/loader/elf.go:79.31,80.12 1 1
github.com/sarchlab/m2sim/loader/elf.go:84.3,85.22 2 1
github.com/sarchlab/m2sim/loader/elf.go:85.22,87.35 2 1
github.com/sarchlab/m2sim/loader/elf.go:87.35,89.5 1 0
github.com/sarchlab/m2sim/loader/elf.go:90.4,90.32 1 1
github.com/sarchlab/m2sim/loader/elf.go:90.32,93.5 1 0
github.com/sarchlab/m2sim/loader/elf.go:97.3,98.31 2 1
github.com/sarchlab/m2sim/loader/elf.go:98.31,100.4 1 1
github.com/sarchlab/m2sim/loader/elf.go:101.3,101.31 1 1
github.com/sarchlab/m2sim/loader/elf.go:101.31,103.4 1 1
github.com/sarchlab/m2sim/loader/elf.go:104.3,104.31 1 1
github.com/sarchlab/m2sim/loader/elf.go:104.31,106.4 1 1
github.com/sarchlab/m2sim/loader/elf.go:108.3,115.45 2 1
github.com/sarchlab/m2sim/loader/elf.go:118.2,118.18 1 1
